Running Gradle task 'assembleRelease'...                        
ERROR: Missing classes detected while running R8. Please add the missing classes or apply additional keep rules that are generated in C:\DEV\semanur_app\frontend\build\app\outputs\mapping\release\missing_rules.txt.
ERROR: R8: Missing class javax.annotation.Nullable (referenced from: java.lang.Object com.google.crypto.tink.PrimitiveSet$Entry.fullPrimitive and 86 other contexts)
Missing class javax.annotation.concurrent.GuardedBy (referenced from: com.google.crypto.tink.proto.Keyset$Builder com.google.crypto.tink.KeysetManager.keysetBuilder and 3 other contexts)

FAILURE: Build failed with an exception.

* What went wrong:
Execution failed for task ':app:minifyReleaseWithR8'.
> A failure occurred while executing com.android.build.gradle.internal.tasks.R8Task$R8Runnable
   > Compilation failed to complete

* Try:
> Run with --stacktrace option to get the stack trace.
> Run with --info or --debug option to get more log output.
> Run with --scan to get full insights.
> Get more help at https://help.gradle.org.

BUILD FAILED in 4m 25s
Running Gradle task 'assembleRelease'...                          265,6s
Gradle task assembleRelease failed with exit code 1
